Using pre-set license

 COMMAND LINE ARGUMENTS:
/Applications/Unity/Hub/Editor/2020.3.4f1/Unity.app/Contents/MacOS/Unity
-adb2
-batchMode
-noUpm
-name
AssetImportWorker0
-projectPath
/Users/ycy/Desktop/Unity/FirstRPG
-logFile
Logs/AssetImportWorker0.log
-srvPort
61562
Successfully changed project path to: /Users/ycy/Desktop/Unity/FirstRPG
/Users/ycy/Desktop/Unity/FirstRPG
Using Asset Import Pipeline V2.
Refreshing native plugins compatible for Editor in 33.73 ms, found 2 plugins.
Preloading 0 native plugins for Editor in 0.00 ms.
Initialize engine version: 2020.3.4f1 (0abb6314276a)
[Subsystems] Discovering subsystems at path /Applications/Unity/Hub/Editor/2020.3.4f1/Unity.app/Contents/Resources/UnitySubsystems
[Subsystems] Discovering subsystems at path /Users/ycy/Desktop/Unity/FirstRPG/Assets
GfxDevice: creating device client; threaded=0
2021-08-30 21:22:31.280 Unity[11278:681450] (null) preferred device: Apple M1 (high power)
2021-08-30 21:22:31.280 Unity[11278:681450] Metal devices available: 1
2021-08-30 21:22:31.280 Unity[11278:681450] 0: Apple M1 (high power)
2021-08-30 21:22:31.281 Unity[11278:681450] Using device Apple M1 (high power)
Initializing Metal device caps: Apple M1
Initialize mono
Mono path[0] = '/Applications/Unity/Hub/Editor/2020.3.4f1/Unity.app/Contents/Managed'
Mono path[1] = '/Applications/Unity/Hub/Editor/2020.3.4f1/Unity.app/Contents/MonoBleedingEdge/lib/mono/unityjit'
Mono config path = '/Applications/Unity/Hub/Editor/2020.3.4f1/Unity.app/Contents/MonoBleedingEdge/etc'
Using monoOptions --debugger-agent=transport=dt_socket,embedding=1,server=y,suspend=n,address=127.0.0.1:56278
Begin MonoManager ReloadAssembly
Registering precompiled unity dll's ...
Register platform support module: /Applications/Unity/Hub/Editor/2020.3.4f1/PlaybackEngines/WebGLSupport/UnityEditor.WebGL.Extensions.dll
Register platform support module: /Applications/Unity/Hub/Editor/2020.3.4f1/Unity.app/Contents/PlaybackEngines/MacStandaloneSupport/UnityEditor.OSXStandalone.Extensions.dll
Registered in 0.001343 seconds.
Native extension for OSXStandalone target not found
Native extension for WebGL target not found
Refreshing native plugins compatible for Editor in 31.89 ms, found 2 plugins.
Preloading 0 native plugins for Editor in 0.00 ms.
Mono: successfully reloaded assembly
- Completed reload, in  2.169 seconds
Platform modules already initialized, skipping
Registering precompiled user dll's ...
Registered in 0.001585 seconds.
Begin MonoManager ReloadAssembly
Native extension for OSXStandalone target not found
Native extension for WebGL target not found
Refreshing native plugins compatible for Editor in 31.80 ms, found 2 plugins.
Preloading 0 native plugins for Editor in 0.00 ms.
Mono: successfully reloaded assembly
- Completed reload, in  1.969 seconds
Platform modules already initialized, skipping
========================================================================
Worker process is ready to serve import requests
Launching external process: /Applications/Unity/Hub/Editor/2020.3.4f1/Unity.app/Contents/Tools/UnityShaderCompiler
Launched and connected shader compiler UnityShaderCompiler after 0.04 seconds
Refreshing native plugins compatible for Editor in 0.46 ms, found 2 plugins.
Preloading 0 native plugins for Editor in 0.00 ms.
Unloading 1809 Unused Serialized files (Serialized files now loaded: 0)
System memory in use before: 145.6 MB.
System memory in use after: 145.5 MB.

Unloading 24 unused Assets to reduce memory usage. Loaded Objects now: 2251.
Total: 1.574000 ms (FindLiveObjects: 0.166416 ms CreateObjectMapping: 0.036333 ms MarkObjects: 1.240375 ms  DeleteObjects: 0.129917 ms)

========================================================================
Received Import Request.
  path: Assets/Scripts/Player.cs
  artifactKey: Guid(9db66f5a077f144838654c7013ec4f30) Importer(815301076,1909f56bfc062723c751e8b465ee728b)
Start importing Assets/Scripts/Player.cs using Guid(9db66f5a077f144838654c7013ec4f30) Importer(815301076,1909f56bfc062723c751e8b465ee728b)  -> (artifact id: 'c68ede9ba4c9cc8e33c13d5bb3bfc9e0') in 0.359446 seconds
  Import took 0.366435 seconds .

========================================================================
Received Prepare
Registering precompiled user dll's ...
Registered in 0.000865 seconds.
Begin MonoManager ReloadAssembly
Native extension for OSXStandalone target not found
Native extension for WebGL target not found
Refreshing native plugins compatible for Editor in 0.35 ms, found 2 plugins.
Preloading 0 native plugins for Editor in 0.00 ms.
Mono: successfully reloaded assembly
- Completed reload, in  1.933 seconds
Platform modules already initialized, skipping
Refreshing native plugins compatible for Editor in 0.24 ms, found 2 plugins.
Preloading 0 native plugins for Editor in 0.00 ms.
Unloading 1804 Unused Serialized files (Serialized files now loaded: 0)
System memory in use before: 150.0 MB.
System memory in use after: 150.0 MB.

Unloading 12 unused Assets to reduce memory usage. Loaded Objects now: 2255.
Total: 1.470125 ms (FindLiveObjects: 0.164625 ms CreateObjectMapping: 0.036084 ms MarkObjects: 1.177875 ms  DeleteObjects: 0.090500 ms)

========================================================================
Received Prepare
Registering precompiled user dll's ...
Registered in 0.000754 seconds.
Begin MonoManager ReloadAssembly
Native extension for OSXStandalone target not found
Native extension for WebGL target not found
Refreshing native plugins compatible for Editor in 0.32 ms, found 2 plugins.
Preloading 0 native plugins for Editor in 0.00 ms.
Mono: successfully reloaded assembly
- Completed reload, in  1.952 seconds
Platform modules already initialized, skipping
Refreshing native plugins compatible for Editor in 0.20 ms, found 2 plugins.
Preloading 0 native plugins for Editor in 0.00 ms.
Unloading 1804 Unused Serialized files (Serialized files now loaded: 0)
System memory in use before: 150.2 MB.
System memory in use after: 150.2 MB.

Unloading 12 unused Assets to reduce memory usage. Loaded Objects now: 2259.
Total: 1.663875 ms (FindLiveObjects: 0.115791 ms CreateObjectMapping: 0.035125 ms MarkObjects: 1.121167 ms  DeleteObjects: 0.391125 ms)

========================================================================
Received Prepare
Registering precompiled user dll's ...
Registered in 0.000548 seconds.
Begin MonoManager ReloadAssembly
Native extension for OSXStandalone target not found
Native extension for WebGL target not found
Refreshing native plugins compatible for Editor in 0.48 ms, found 2 plugins.
Preloading 0 native plugins for Editor in 0.00 ms.
Mono: successfully reloaded assembly
- Completed reload, in  1.959 seconds
Platform modules already initialized, skipping
Refreshing native plugins compatible for Editor in 0.31 ms, found 2 plugins.
Preloading 0 native plugins for Editor in 0.00 ms.
Unloading 1804 Unused Serialized files (Serialized files now loaded: 0)
System memory in use before: 150.4 MB.
System memory in use after: 150.4 MB.

Unloading 12 unused Assets to reduce memory usage. Loaded Objects now: 2263.
Total: 1.819000 ms (FindLiveObjects: 0.223166 ms CreateObjectMapping: 0.035667 ms MarkObjects: 1.133417 ms  DeleteObjects: 0.425708 ms)

========================================================================
Received Prepare
Registering precompiled user dll's ...
Registered in 0.000581 seconds.
Begin MonoManager ReloadAssembly
Native extension for OSXStandalone target not found
Native extension for WebGL target not found
Refreshing native plugins compatible for Editor in 0.31 ms, found 2 plugins.
Preloading 0 native plugins for Editor in 0.00 ms.
Mono: successfully reloaded assembly
- Completed reload, in  1.899 seconds
Platform modules already initialized, skipping
Refreshing native plugins compatible for Editor in 0.32 ms, found 2 plugins.
Preloading 0 native plugins for Editor in 0.00 ms.
Unloading 1804 Unused Serialized files (Serialized files now loaded: 0)
System memory in use before: 150.6 MB.
System memory in use after: 150.6 MB.

Unloading 12 unused Assets to reduce memory usage. Loaded Objects now: 2267.
Total: 1.425583 ms (FindLiveObjects: 0.153542 ms CreateObjectMapping: 0.035041 ms MarkObjects: 1.136708 ms  DeleteObjects: 0.098834 ms)

========================================================================
Received Prepare
Registering precompiled user dll's ...
Registered in 0.000713 seconds.
Begin MonoManager ReloadAssembly
Native extension for OSXStandalone target not found
Native extension for WebGL target not found
Refreshing native plugins compatible for Editor in 0.33 ms, found 2 plugins.
Preloading 0 native plugins for Editor in 0.00 ms.
Mono: successfully reloaded assembly
- Completed reload, in  1.973 seconds
Platform modules already initialized, skipping
Refreshing native plugins compatible for Editor in 0.30 ms, found 2 plugins.
Preloading 0 native plugins for Editor in 0.00 ms.
Unloading 1804 Unused Serialized files (Serialized files now loaded: 0)
System memory in use before: 150.8 MB.
System memory in use after: 150.8 MB.

Unloading 12 unused Assets to reduce memory usage. Loaded Objects now: 2271.
Total: 1.830541 ms (FindLiveObjects: 0.207750 ms CreateObjectMapping: 0.038417 ms MarkObjects: 1.136875 ms  DeleteObjects: 0.446208 ms)

========================================================================
Received Prepare
Registering precompiled user dll's ...
Registered in 0.000624 seconds.
Begin MonoManager ReloadAssembly
Native extension for OSXStandalone target not found
Native extension for WebGL target not found
Refreshing native plugins compatible for Editor in 0.34 ms, found 2 plugins.
Preloading 0 native plugins for Editor in 0.00 ms.
Mono: successfully reloaded assembly
- Completed reload, in  1.868 seconds
Platform modules already initialized, skipping
Refreshing native plugins compatible for Editor in 0.28 ms, found 2 plugins.
Preloading 0 native plugins for Editor in 0.00 ms.
Unloading 1804 Unused Serialized files (Serialized files now loaded: 0)
System memory in use before: 151.0 MB.
System memory in use after: 151.0 MB.

Unloading 12 unused Assets to reduce memory usage. Loaded Objects now: 2275.
Total: 1.385541 ms (FindLiveObjects: 0.130792 ms CreateObjectMapping: 0.036625 ms MarkObjects: 1.126667 ms  DeleteObjects: 0.090541 ms)

========================================================================
Received Prepare
Registering precompiled user dll's ...
Registered in 0.003889 seconds.
Begin MonoManager ReloadAssembly
Native extension for OSXStandalone target not found
Native extension for WebGL target not found
Refreshing native plugins compatible for Editor in 0.32 ms, found 2 plugins.
Preloading 0 native plugins for Editor in 0.00 ms.
Mono: successfully reloaded assembly
- Completed reload, in  1.861 seconds
Platform modules already initialized, skipping
Refreshing native plugins compatible for Editor in 0.27 ms, found 2 plugins.
Preloading 0 native plugins for Editor in 0.00 ms.
Unloading 1804 Unused Serialized files (Serialized files now loaded: 0)
System memory in use before: 151.2 MB.
System memory in use after: 151.2 MB.

Unloading 12 unused Assets to reduce memory usage. Loaded Objects now: 2279.
Total: 1.439375 ms (FindLiveObjects: 0.157042 ms CreateObjectMapping: 0.037041 ms MarkObjects: 1.143125 ms  DeleteObjects: 0.101208 ms)

========================================================================
Received Prepare
Registering precompiled user dll's ...
Registered in 0.000847 seconds.
Begin MonoManager ReloadAssembly
Native extension for OSXStandalone target not found
Native extension for WebGL target not found
Refreshing native plugins compatible for Editor in 0.30 ms, found 2 plugins.
Preloading 0 native plugins for Editor in 0.00 ms.
Mono: successfully reloaded assembly
- Completed reload, in  1.811 seconds
Platform modules already initialized, skipping
Refreshing native plugins compatible for Editor in 0.25 ms, found 2 plugins.
Preloading 0 native plugins for Editor in 0.00 ms.
Unloading 1804 Unused Serialized files (Serialized files now loaded: 0)
System memory in use before: 151.4 MB.
System memory in use after: 151.4 MB.

Unloading 12 unused Assets to reduce memory usage. Loaded Objects now: 2283.
Total: 1.369292 ms (FindLiveObjects: 0.123417 ms CreateObjectMapping: 0.035666 ms MarkObjects: 1.122750 ms  DeleteObjects: 0.086583 ms)

========================================================================
Received Prepare
Registering precompiled user dll's ...
Registered in 0.001014 seconds.
Begin MonoManager ReloadAssembly
Native extension for OSXStandalone target not found
Native extension for WebGL target not found
Refreshing native plugins compatible for Editor in 0.35 ms, found 2 plugins.
Preloading 0 native plugins for Editor in 0.00 ms.
Mono: successfully reloaded assembly
- Completed reload, in  1.791 seconds
Platform modules already initialized, skipping
Refreshing native plugins compatible for Editor in 0.20 ms, found 2 plugins.
Preloading 0 native plugins for Editor in 0.00 ms.
Unloading 1804 Unused Serialized files (Serialized files now loaded: 0)
System memory in use before: 151.6 MB.
System memory in use after: 151.6 MB.

Unloading 12 unused Assets to reduce memory usage. Loaded Objects now: 2287.
Total: 1.359209 ms (FindLiveObjects: 0.119667 ms CreateObjectMapping: 0.035167 ms MarkObjects: 1.114209 ms  DeleteObjects: 0.089459 ms)

========================================================================
Received Prepare
Registering precompiled user dll's ...
Registered in 0.000933 seconds.
Begin MonoManager ReloadAssembly
Native extension for OSXStandalone target not found
Native extension for WebGL target not found
Refreshing native plugins compatible for Editor in 0.32 ms, found 2 plugins.
Preloading 0 native plugins for Editor in 0.00 ms.
Mono: successfully reloaded assembly
- Completed reload, in  1.803 seconds
Platform modules already initialized, skipping
Refreshing native plugins compatible for Editor in 0.19 ms, found 2 plugins.
Preloading 0 native plugins for Editor in 0.00 ms.
Unloading 1804 Unused Serialized files (Serialized files now loaded: 0)
System memory in use before: 151.8 MB.
System memory in use after: 151.8 MB.

Unloading 12 unused Assets to reduce memory usage. Loaded Objects now: 2291.
Total: 1.439250 ms (FindLiveObjects: 0.116041 ms CreateObjectMapping: 0.038375 ms MarkObjects: 1.195625 ms  DeleteObjects: 0.088125 ms)

========================================================================
Received Prepare
Registering precompiled user dll's ...
Registered in 0.000822 seconds.
Begin MonoManager ReloadAssembly
Native extension for OSXStandalone target not found
Native extension for WebGL target not found
Refreshing native plugins compatible for Editor in 0.30 ms, found 2 plugins.
Preloading 0 native plugins for Editor in 0.00 ms.
Mono: successfully reloaded assembly
- Completed reload, in  1.808 seconds
Platform modules already initialized, skipping
Refreshing native plugins compatible for Editor in 0.27 ms, found 2 plugins.
Preloading 0 native plugins for Editor in 0.00 ms.
Unloading 1804 Unused Serialized files (Serialized files now loaded: 0)
System memory in use before: 152.0 MB.
System memory in use after: 152.0 MB.

Unloading 12 unused Assets to reduce memory usage. Loaded Objects now: 2295.
Total: 1.423083 ms (FindLiveObjects: 0.135709 ms CreateObjectMapping: 0.035625 ms MarkObjects: 1.156375 ms  DeleteObjects: 0.094458 ms)

========================================================================
Received Import Request.
  Time since last request: 640.416049 seconds.
  path: ProjectSettings/TagManager.asset
  artifactKey: Guid(00000000000000003000000000000000) Importer(815301076,1909f56bfc062723c751e8b465ee728b)
Start importing ProjectSettings/TagManager.asset using Guid(00000000000000003000000000000000) Importer(815301076,1909f56bfc062723c751e8b465ee728b)  -> (artifact id: 'bc56874b094f00654429dc5483699a51') in 0.503676 seconds
  Import took 0.506189 seconds .

========================================================================
Received Prepare
Registering precompiled user dll's ...
Registered in 0.001248 seconds.
Begin MonoManager ReloadAssembly
Native extension for OSXStandalone target not found
Native extension for WebGL target not found
Refreshing native plugins compatible for Editor in 0.31 ms, found 2 plugins.
Preloading 0 native plugins for Editor in 0.00 ms.
Mono: successfully reloaded assembly
- Completed reload, in  1.881 seconds
Platform modules already initialized, skipping
Refreshing native plugins compatible for Editor in 0.29 ms, found 2 plugins.
Preloading 0 native plugins for Editor in 0.00 ms.
Unloading 1804 Unused Serialized files (Serialized files now loaded: 0)
System memory in use before: 156.5 MB.
System memory in use after: 156.5 MB.

Unloading 13 unused Assets to reduce memory usage. Loaded Objects now: 2299.
Total: 1.573208 ms (FindLiveObjects: 0.206083 ms CreateObjectMapping: 0.036417 ms MarkObjects: 1.228333 ms  DeleteObjects: 0.101541 ms)

========================================================================
Received Prepare
Registering precompiled user dll's ...
Registered in 0.000522 seconds.
Begin MonoManager ReloadAssembly
Native extension for OSXStandalone target not found
Native extension for WebGL target not found
Refreshing native plugins compatible for Editor in 0.32 ms, found 2 plugins.
Preloading 0 native plugins for Editor in 0.00 ms.
Mono: successfully reloaded assembly
- Completed reload, in  1.856 seconds
Platform modules already initialized, skipping
Refreshing native plugins compatible for Editor in 0.30 ms, found 2 plugins.
Preloading 0 native plugins for Editor in 0.00 ms.
Unloading 1805 Unused Serialized files (Serialized files now loaded: 0)
System memory in use before: 156.7 MB.
System memory in use after: 156.7 MB.

Unloading 12 unused Assets to reduce memory usage. Loaded Objects now: 2304.
Total: 1.424958 ms (FindLiveObjects: 0.128417 ms CreateObjectMapping: 0.036416 ms MarkObjects: 1.160500 ms  DeleteObjects: 0.098542 ms)

========================================================================
Received Import Request.
  Time since last request: 963.514963 seconds.
  path: Assets/CameraMotor.cs
  artifactKey: Guid(53d7447f1f81c4bbe815a40a6a912256) Importer(815301076,1909f56bfc062723c751e8b465ee728b)
Start importing Assets/CameraMotor.cs using Guid(53d7447f1f81c4bbe815a40a6a912256) Importer(815301076,1909f56bfc062723c751e8b465ee728b)  -> (artifact id: '3c87184758207c0488c7ddca13cace01') in 0.007127 seconds
  Import took 0.009394 seconds .

========================================================================
Received Prepare
Registering precompiled user dll's ...
Registered in 0.000566 seconds.
Begin MonoManager ReloadAssembly
Native extension for OSXStandalone target not found
Native extension for WebGL target not found
Refreshing native plugins compatible for Editor in 0.32 ms, found 2 plugins.
Preloading 0 native plugins for Editor in 0.00 ms.
Mono: successfully reloaded assembly
- Completed reload, in  1.850 seconds
Platform modules already initialized, skipping
Refreshing native plugins compatible for Editor in 0.33 ms, found 2 plugins.
Preloading 0 native plugins for Editor in 0.00 ms.
Unloading 1805 Unused Serialized files (Serialized files now loaded: 0)
System memory in use before: 156.9 MB.
System memory in use after: 156.9 MB.

Unloading 12 unused Assets to reduce memory usage. Loaded Objects now: 2308.
Total: 1.422834 ms (FindLiveObjects: 0.137667 ms CreateObjectMapping: 0.035666 ms MarkObjects: 1.155584 ms  DeleteObjects: 0.092500 ms)

========================================================================
Received Import Request.
  Time since last request: 1439.505503 seconds.
  path: Assets/Scripts/CameraMotor.cs
  artifactKey: Guid(53d7447f1f81c4bbe815a40a6a912256) Importer(815301076,1909f56bfc062723c751e8b465ee728b)
Start importing Assets/Scripts/CameraMotor.cs using Guid(53d7447f1f81c4bbe815a40a6a912256) Importer(815301076,1909f56bfc062723c751e8b465ee728b)  -> (artifact id: '1dc7b017642c2a09161e863373bff8dd') in 0.045875 seconds
  Import took 0.112307 seconds .

========================================================================
Received Import Request.
  Time since last request: 0.333569 seconds.
  path: Assets/Scripts/CameraMotor.cs
  artifactKey: Guid(53d7447f1f81c4bbe815a40a6a912256) Importer(815301076,1909f56bfc062723c751e8b465ee728b)
Start importing Assets/Scripts/CameraMotor.cs using Guid(53d7447f1f81c4bbe815a40a6a912256) Importer(815301076,1909f56bfc062723c751e8b465ee728b)  -> (artifact id: '1dc7b017642c2a09161e863373bff8dd') in 0.002146 seconds
  Import took 0.004807 seconds .

========================================================================
Received Import Request.
  Time since last request: 1.345083 seconds.
  path: Assets/Scripts/CameraMotor.cs
  artifactKey: Guid(53d7447f1f81c4bbe815a40a6a912256) Importer(815301076,1909f56bfc062723c751e8b465ee728b)
Start importing Assets/Scripts/CameraMotor.cs using Guid(53d7447f1f81c4bbe815a40a6a912256) Importer(815301076,1909f56bfc062723c751e8b465ee728b)  -> (artifact id: '664b7a5aa0c0c5f8a76f3e8dc5e83f32') in 0.001409 seconds
  Import took 0.003993 seconds .

========================================================================
Received Prepare
Registering precompiled user dll's ...
Registered in 0.000805 seconds.
Begin MonoManager ReloadAssembly
Native extension for OSXStandalone target not found
Native extension for WebGL target not found
Refreshing native plugins compatible for Editor in 0.32 ms, found 2 plugins.
Preloading 0 native plugins for Editor in 0.00 ms.
Mono: successfully reloaded assembly
- Completed reload, in  1.878 seconds
Platform modules already initialized, skipping
Refreshing native plugins compatible for Editor in 0.29 ms, found 2 plugins.
Preloading 0 native plugins for Editor in 0.00 ms.
Unloading 1805 Unused Serialized files (Serialized files now loaded: 0)
System memory in use before: 157.1 MB.
System memory in use after: 157.1 MB.

Unloading 12 unused Assets to reduce memory usage. Loaded Objects now: 2312.
Total: 2.913541 ms (FindLiveObjects: 0.183875 ms CreateObjectMapping: 0.036708 ms MarkObjects: 2.431333 ms  DeleteObjects: 0.260584 ms)

========================================================================
Received Import Request.
  Time since last request: 1187.444081 seconds.
  path: Assets/Scripts/CameraMotor.cs
  artifactKey: Guid(53d7447f1f81c4bbe815a40a6a912256) Importer(815301076,1909f56bfc062723c751e8b465ee728b)
Start importing Assets/Scripts/CameraMotor.cs using Guid(53d7447f1f81c4bbe815a40a6a912256) Importer(815301076,1909f56bfc062723c751e8b465ee728b)  -> (artifact id: 'f82ee9c431cf05d6c2840cb4cc6014e4') in 0.027177 seconds
  Import took 0.042956 seconds .

========================================================================
Received Prepare
Registering precompiled user dll's ...
Registered in 0.000855 seconds.
Begin MonoManager ReloadAssembly
Native extension for OSXStandalone target not found
Native extension for WebGL target not found
Refreshing native plugins compatible for Editor in 0.32 ms, found 2 plugins.
Preloading 0 native plugins for Editor in 0.00 ms.
Mono: successfully reloaded assembly
- Completed reload, in  2.032 seconds
Platform modules already initialized, skipping
Refreshing native plugins compatible for Editor in 0.24 ms, found 2 plugins.
Preloading 0 native plugins for Editor in 0.00 ms.
Unloading 1805 Unused Serialized files (Serialized files now loaded: 0)
System memory in use before: 157.3 MB.
System memory in use after: 157.3 MB.

Unloading 12 unused Assets to reduce memory usage. Loaded Objects now: 2316.
Total: 1.411792 ms (FindLiveObjects: 0.156291 ms CreateObjectMapping: 0.035708 ms MarkObjects: 1.131542 ms  DeleteObjects: 0.087458 ms)

========================================================================
Received Import Request.
  Time since last request: 32.475263 seconds.
  path: Assets/Scripts/CameraMotor.cs
  artifactKey: Guid(53d7447f1f81c4bbe815a40a6a912256) Importer(815301076,1909f56bfc062723c751e8b465ee728b)
Start importing Assets/Scripts/CameraMotor.cs using Guid(53d7447f1f81c4bbe815a40a6a912256) Importer(815301076,1909f56bfc062723c751e8b465ee728b)  -> (artifact id: 'b580d0f2ff60140dbaee6117479a8006') in 0.005515 seconds
  Import took 0.008152 seconds .

========================================================================
Received Prepare
Registering precompiled user dll's ...
Registered in 0.000601 seconds.
Begin MonoManager ReloadAssembly
Native extension for OSXStandalone target not found
Native extension for WebGL target not found
Refreshing native plugins compatible for Editor in 0.34 ms, found 2 plugins.
Preloading 0 native plugins for Editor in 0.00 ms.
Mono: successfully reloaded assembly
- Completed reload, in  1.910 seconds
Platform modules already initialized, skipping
Refreshing native plugins compatible for Editor in 0.23 ms, found 2 plugins.
Preloading 0 native plugins for Editor in 0.00 ms.
Unloading 1805 Unused Serialized files (Serialized files now loaded: 0)
System memory in use before: 157.5 MB.
System memory in use after: 157.5 MB.

Unloading 12 unused Assets to reduce memory usage. Loaded Objects now: 2320.
Total: 1.377916 ms (FindLiveObjects: 0.113875 ms CreateObjectMapping: 0.035500 ms MarkObjects: 1.138917 ms  DeleteObjects: 0.088958 ms)

========================================================================
Received Import Request.
  Time since last request: 36.524836 seconds.
  path: Assets/Scripts/CameraMotor.cs
  artifactKey: Guid(53d7447f1f81c4bbe815a40a6a912256) Importer(815301076,1909f56bfc062723c751e8b465ee728b)
Start importing Assets/Scripts/CameraMotor.cs using Guid(53d7447f1f81c4bbe815a40a6a912256) Importer(815301076,1909f56bfc062723c751e8b465ee728b)  -> (artifact id: '168aef90892eecaa9cc3021ee3e30ff6') in 0.009788 seconds
  Import took 0.012508 seconds .

========================================================================
Received Prepare
Registering precompiled user dll's ...
Registered in 0.000726 seconds.
Begin MonoManager ReloadAssembly
Native extension for OSXStandalone target not found
Native extension for WebGL target not found
Refreshing native plugins compatible for Editor in 0.32 ms, found 2 plugins.
Preloading 0 native plugins for Editor in 0.00 ms.
Mono: successfully reloaded assembly
- Completed reload, in  1.930 seconds
Platform modules already initialized, skipping
Refreshing native plugins compatible for Editor in 0.23 ms, found 2 plugins.
Preloading 0 native plugins for Editor in 0.00 ms.
Unloading 1805 Unused Serialized files (Serialized files now loaded: 0)
System memory in use before: 157.7 MB.
System memory in use after: 157.7 MB.

Unloading 12 unused Assets to reduce memory usage. Loaded Objects now: 2324.
Total: 1.391792 ms (FindLiveObjects: 0.151000 ms CreateObjectMapping: 0.036125 ms MarkObjects: 1.115750 ms  DeleteObjects: 0.087750 ms)

========================================================================
Received Import Request.
  Time since last request: 10.311464 seconds.
  path: Assets/Scripts/CameraMotor.cs
  artifactKey: Guid(53d7447f1f81c4bbe815a40a6a912256) Importer(815301076,1909f56bfc062723c751e8b465ee728b)
Start importing Assets/Scripts/CameraMotor.cs using Guid(53d7447f1f81c4bbe815a40a6a912256) Importer(815301076,1909f56bfc062723c751e8b465ee728b)  -> (artifact id: '851ec90fdd64532b0bd46b5f661844ea') in 0.009748 seconds
  Import took 0.016051 seconds .

========================================================================
Received Prepare
Registering precompiled user dll's ...
Registered in 0.000392 seconds.
Begin MonoManager ReloadAssembly
Native extension for OSXStandalone target not found
Native extension for WebGL target not found
Refreshing native plugins compatible for Editor in 0.32 ms, found 2 plugins.
Preloading 0 native plugins for Editor in 0.00 ms.
Mono: successfully reloaded assembly
- Completed reload, in  1.902 seconds
Platform modules already initialized, skipping
Refreshing native plugins compatible for Editor in 0.29 ms, found 2 plugins.
Preloading 0 native plugins for Editor in 0.00 ms.
Unloading 1805 Unused Serialized files (Serialized files now loaded: 0)
System memory in use before: 157.9 MB.
System memory in use after: 157.9 MB.

Unloading 12 unused Assets to reduce memory usage. Loaded Objects now: 2328.
Total: 1.424000 ms (FindLiveObjects: 0.149000 ms CreateObjectMapping: 0.036667 ms MarkObjects: 1.147625 ms  DeleteObjects: 0.089625 ms)

========================================================================
Received Prepare
Registering precompiled user dll's ...
Registered in 0.000412 seconds.
Begin MonoManager ReloadAssembly
Native extension for OSXStandalone target not found
Native extension for WebGL target not found
Refreshing native plugins compatible for Editor in 0.31 ms, found 2 plugins.
Preloading 0 native plugins for Editor in 0.00 ms.
Mono: successfully reloaded assembly
- Completed reload, in  1.802 seconds
Platform modules already initialized, skipping
Refreshing native plugins compatible for Editor in 0.21 ms, found 2 plugins.
Preloading 0 native plugins for Editor in 0.00 ms.
Unloading 1805 Unused Serialized files (Serialized files now loaded: 0)
System memory in use before: 158.1 MB.
System memory in use after: 158.1 MB.

Unloading 12 unused Assets to reduce memory usage. Loaded Objects now: 2332.
Total: 1.383542 ms (FindLiveObjects: 0.117791 ms CreateObjectMapping: 0.036667 ms MarkObjects: 1.145417 ms  DeleteObjects: 0.083000 ms)

========================================================================
Received Prepare
Registering precompiled user dll's ...
Registered in 0.000663 seconds.
Begin MonoManager ReloadAssembly
Native extension for OSXStandalone target not found
Native extension for WebGL target not found
Refreshing native plugins compatible for Editor in 0.31 ms, found 2 plugins.
Preloading 0 native plugins for Editor in 0.00 ms.
Mono: successfully reloaded assembly
- Completed reload, in  1.838 seconds
Platform modules already initialized, skipping
Refreshing native plugins compatible for Editor in 0.20 ms, found 2 plugins.
Preloading 0 native plugins for Editor in 0.00 ms.
Unloading 1805 Unused Serialized files (Serialized files now loaded: 0)
System memory in use before: 158.3 MB.
System memory in use after: 158.3 MB.

Unloading 12 unused Assets to reduce memory usage. Loaded Objects now: 2336.
Total: 1.384625 ms (FindLiveObjects: 0.111500 ms CreateObjectMapping: 0.035500 ms MarkObjects: 1.147667 ms  DeleteObjects: 0.089000 ms)

========================================================================
Received Prepare
Registering precompiled user dll's ...
Registered in 0.000603 seconds.
Begin MonoManager ReloadAssembly
Native extension for OSXStandalone target not found
Native extension for WebGL target not found
Refreshing native plugins compatible for Editor in 0.31 ms, found 2 plugins.
Preloading 0 native plugins for Editor in 0.00 ms.
Mono: successfully reloaded assembly
- Completed reload, in  1.729 seconds
Platform modules already initialized, skipping
Refreshing native plugins compatible for Editor in 0.18 ms, found 2 plugins.
Preloading 0 native plugins for Editor in 0.00 ms.
Unloading 1805 Unused Serialized files (Serialized files now loaded: 0)
System memory in use before: 158.5 MB.
System memory in use after: 158.5 MB.

Unloading 12 unused Assets to reduce memory usage. Loaded Objects now: 2340.
Total: 1.437291 ms (FindLiveObjects: 0.108750 ms CreateObjectMapping: 0.035500 ms MarkObjects: 1.210333 ms  DeleteObjects: 0.082042 ms)

========================================================================
Received Prepare
Registering precompiled user dll's ...
Registered in 0.000966 seconds.
Begin MonoManager ReloadAssembly
Native extension for OSXStandalone target not found
Native extension for WebGL target not found
Refreshing native plugins compatible for Editor in 0.30 ms, found 2 plugins.
Preloading 0 native plugins for Editor in 0.00 ms.
Mono: successfully reloaded assembly
- Completed reload, in  1.802 seconds
Platform modules already initialized, skipping
Refreshing native plugins compatible for Editor in 0.24 ms, found 2 plugins.
Preloading 0 native plugins for Editor in 0.00 ms.
Unloading 1805 Unused Serialized files (Serialized files now loaded: 0)
System memory in use before: 158.7 MB.
System memory in use after: 158.7 MB.

Unloading 12 unused Assets to reduce memory usage. Loaded Objects now: 2344.
Total: 1.377917 ms (FindLiveObjects: 0.146875 ms CreateObjectMapping: 0.034458 ms MarkObjects: 1.107500 ms  DeleteObjects: 0.088334 ms)

========================================================================
Received Import Request.
  Time since last request: 352.782280 seconds.
  path: Assets/Artwork/Atlas.png
  artifactKey: Guid(9872fffb2586c4eddb2f3850fec9ea5a) Importer(815301076,1909f56bfc062723c751e8b465ee728b)
Start importing Assets/Artwork/Atlas.png using Guid(9872fffb2586c4eddb2f3850fec9ea5a) Importer(815301076,1909f56bfc062723c751e8b465ee728b)  -> (artifact id: 'c8b1aed1caf2dfac201d44016bccccc1') in 0.739735 seconds
  Import took 0.755102 seconds .

========================================================================
Received Import Request.
  Time since last request: 18.994591 seconds.
  path: Assets/Artwork/Atlas.png
  artifactKey: Guid(9872fffb2586c4eddb2f3850fec9ea5a) Importer(815301076,1909f56bfc062723c751e8b465ee728b)
Start importing Assets/Artwork/Atlas.png using Guid(9872fffb2586c4eddb2f3850fec9ea5a) Importer(815301076,1909f56bfc062723c751e8b465ee728b)  -> (artifact id: 'fa92093602c2bd66d25a6e55c5a0716f') in 0.036643 seconds
  Import took 0.039578 seconds .

========================================================================
Received Import Request.
  Time since last request: 26.938913 seconds.
  path: Assets/Artwork/Atlas.png
  artifactKey: Guid(9872fffb2586c4eddb2f3850fec9ea5a) Importer(815301076,1909f56bfc062723c751e8b465ee728b)
Start importing Assets/Artwork/Atlas.png using Guid(9872fffb2586c4eddb2f3850fec9ea5a) Importer(815301076,1909f56bfc062723c751e8b465ee728b)  -> (artifact id: '7a7e901551e61dbbb6de68da92386fad') in 0.024484 seconds
  Import took 0.027024 seconds .

========================================================================
Received Import Request.
  Time since last request: 279.725835 seconds.
  path: Assets/Artwork/Atlas.png
  artifactKey: Guid(9872fffb2586c4eddb2f3850fec9ea5a) Importer(815301076,1909f56bfc062723c751e8b465ee728b)
Start importing Assets/Artwork/Atlas.png using Guid(9872fffb2586c4eddb2f3850fec9ea5a) Importer(815301076,1909f56bfc062723c751e8b465ee728b)  -> (artifact id: '47e313e807a38a1b077e0a547226e914') in 0.040466 seconds
  Import took 0.048416 seconds .

========================================================================
Received Import Request.
  Time since last request: 78.627392 seconds.
  path: Assets/Artwork/Atlas.png
  artifactKey: Guid(9872fffb2586c4eddb2f3850fec9ea5a) Importer(815301076,1909f56bfc062723c751e8b465ee728b)
Start importing Assets/Artwork/Atlas.png using Guid(9872fffb2586c4eddb2f3850fec9ea5a) Importer(815301076,1909f56bfc062723c751e8b465ee728b)  -> (artifact id: '388aa237d36a4d48c93009fd556ec81f') in 0.047208 seconds
  Import took 0.049818 seconds .

========================================================================
Received Import Request.
  Time since last request: 103.203972 seconds.
  path: Assets/Artwork/Atlas.png
  artifactKey: Guid(9872fffb2586c4eddb2f3850fec9ea5a) Importer(815301076,1909f56bfc062723c751e8b465ee728b)
Start importing Assets/Artwork/Atlas.png using Guid(9872fffb2586c4eddb2f3850fec9ea5a) Importer(815301076,1909f56bfc062723c751e8b465ee728b)  -> (artifact id: '6adb937a92a2d5ac5a3505b754f0bca1') in 0.051193 seconds
  Import took 0.053847 seconds .

========================================================================
Received Import Request.
  Time since last request: 102.610692 seconds.
  path: Assets/Artwork/Atlas.png
  artifactKey: Guid(9872fffb2586c4eddb2f3850fec9ea5a) Importer(815301076,1909f56bfc062723c751e8b465ee728b)
Start importing Assets/Artwork/Atlas.png using Guid(9872fffb2586c4eddb2f3850fec9ea5a) Importer(815301076,1909f56bfc062723c751e8b465ee728b)  -> (artifact id: 'd8aced61a0ec0ef444602590dd199140') in 0.079491 seconds
  Import took 0.087224 seconds .

========================================================================
Received Import Request.
  Time since last request: 89.451977 seconds.
  path: Assets/Artwork/Atlas.png
  artifactKey: Guid(9872fffb2586c4eddb2f3850fec9ea5a) Importer(815301076,1909f56bfc062723c751e8b465ee728b)
Start importing Assets/Artwork/Atlas.png using Guid(9872fffb2586c4eddb2f3850fec9ea5a) Importer(815301076,1909f56bfc062723c751e8b465ee728b)  -> (artifact id: '1b01111f62f601069d1fa2eeefa0732f') in 0.074494 seconds
  Import took 0.077220 seconds .

========================================================================
Received Import Request.
  Time since last request: 125.603255 seconds.
  path: Assets/Artwork/Atlas.png
  artifactKey: Guid(9872fffb2586c4eddb2f3850fec9ea5a) Importer(815301076,1909f56bfc062723c751e8b465ee728b)
Start importing Assets/Artwork/Atlas.png using Guid(9872fffb2586c4eddb2f3850fec9ea5a) Importer(815301076,1909f56bfc062723c751e8b465ee728b)  -> (artifact id: '17a8d2ed9ff6237837089d41b457963b') in 0.088738 seconds
  Import took 0.092503 seconds .

========================================================================
Received Import Request.
  Time since last request: 83.909862 seconds.
  path: Assets/Artwork/Atlas.png
  artifactKey: Guid(9872fffb2586c4eddb2f3850fec9ea5a) Importer(815301076,1909f56bfc062723c751e8b465ee728b)
Start importing Assets/Artwork/Atlas.png using Guid(9872fffb2586c4eddb2f3850fec9ea5a) Importer(815301076,1909f56bfc062723c751e8b465ee728b)  -> (artifact id: '5009792bfa9a3dd9729e52fce85ae66f') in 0.111107 seconds
  Import took 0.114810 seconds .

========================================================================
Received Import Request.
  Time since last request: 53.482501 seconds.
  path: Assets/Artwork/Atlas.png
  artifactKey: Guid(9872fffb2586c4eddb2f3850fec9ea5a) Importer(815301076,1909f56bfc062723c751e8b465ee728b)
Start importing Assets/Artwork/Atlas.png using Guid(9872fffb2586c4eddb2f3850fec9ea5a) Importer(815301076,1909f56bfc062723c751e8b465ee728b)  -> (artifact id: 'af0494c0a244c732f67807547f7cc9c4') in 0.067332 seconds
  Import took 0.070041 seconds .

========================================================================
Received Import Request.
  Time since last request: 180.610808 seconds.
  path: Assets/Artwork/Atlas.png
  artifactKey: Guid(9872fffb2586c4eddb2f3850fec9ea5a) Importer(815301076,1909f56bfc062723c751e8b465ee728b)
Start importing Assets/Artwork/Atlas.png using Guid(9872fffb2586c4eddb2f3850fec9ea5a) Importer(815301076,1909f56bfc062723c751e8b465ee728b)  -> (artifact id: '6452c95a64cd55a515943f8e099f1546') in 0.101772 seconds
  Import took 0.104958 seconds .

========================================================================
Received Import Request.
  Time since last request: 419.020362 seconds.
  path: Assets/Artwork/Levels/Dungeon.prefab
  artifactKey: Guid(87cb7601cff6f4cbc872177ac24a0ca3) Importer(815301076,1909f56bfc062723c751e8b465ee728b)
Start importing Assets/Artwork/Levels/Dungeon.prefab using Guid(87cb7601cff6f4cbc872177ac24a0ca3) Importer(815301076,1909f56bfc062723c751e8b465ee728b)  -> (artifact id: '6f74daa56753755f728393baaf6f2e02') in 0.255747 seconds
  Import took 0.263825 seconds .

========================================================================
Received Import Request.
  Time since last request: 460.682045 seconds.
  path: Assets/Artwork/Levels/stairs_1.asset
  artifactKey: Guid(6fcd9fc867c0846a9817d3b1ea150748) Importer(815301076,1909f56bfc062723c751e8b465ee728b)
Start importing Assets/Artwork/Levels/stairs_1.asset using Guid(6fcd9fc867c0846a9817d3b1ea150748) Importer(815301076,1909f56bfc062723c751e8b465ee728b)  -> (artifact id: 'e3ea98045cc14e6786e65d1f55f93cee') in 0.261563 seconds
  Import took 0.272640 seconds .

========================================================================
Received Import Request.
  Time since last request: 0.003849 seconds.
  path: Assets/Artwork/Levels/stairs_2.asset
  artifactKey: Guid(edd275be034444eb6bf20f7bedb6c654) Importer(815301076,1909f56bfc062723c751e8b465ee728b)
Start importing Assets/Artwork/Levels/stairs_2.asset using Guid(edd275be034444eb6bf20f7bedb6c654) Importer(815301076,1909f56bfc062723c751e8b465ee728b)  -> (artifact id: '634d3f711d762b86e1a7b428d2c0c46b') in 0.009454 seconds
  Import took 0.012233 seconds .

========================================================================
Received Import Request.
  Time since last request: 0.139831 seconds.
  path: Assets/Artwork/Levels/stairs_3.asset
  artifactKey: Guid(fe146a039787b467a97bf42adbb5782c) Importer(815301076,1909f56bfc062723c751e8b465ee728b)
Start importing Assets/Artwork/Levels/stairs_3.asset using Guid(fe146a039787b467a97bf42adbb5782c) Importer(815301076,1909f56bfc062723c751e8b465ee728b)  -> (artifact id: '72536ef58091ad9f875a556cab72fe8b') in 0.012952 seconds
  Import took 0.015988 seconds .

========================================================================
Received Prepare
Registering precompiled user dll's ...
Registered in 0.001082 seconds.
Begin MonoManager ReloadAssembly
Native extension for OSXStandalone target not found
Native extension for WebGL target not found
Refreshing native plugins compatible for Editor in 0.36 ms, found 2 plugins.
Preloading 0 native plugins for Editor in 0.00 ms.
Mono: successfully reloaded assembly
- Completed reload, in  1.941 seconds
Platform modules already initialized, skipping
Refreshing native plugins compatible for Editor in 0.25 ms, found 2 plugins.
Preloading 0 native plugins for Editor in 0.00 ms.
Unloading 1805 Unused Serialized files (Serialized files now loaded: 0)
System memory in use before: 171.6 MB.
System memory in use after: 171.5 MB.

Unloading 12 unused Assets to reduce memory usage. Loaded Objects now: 2361.
Total: 1.507625 ms (FindLiveObjects: 0.152917 ms CreateObjectMapping: 0.035750 ms MarkObjects: 1.222583 ms  DeleteObjects: 0.095750 ms)

========================================================================
Received Prepare
Registering precompiled user dll's ...
Registered in 0.001010 seconds.
Begin MonoManager ReloadAssembly
Native extension for OSXStandalone target not found
Native extension for WebGL target not found
Refreshing native plugins compatible for Editor in 0.31 ms, found 2 plugins.
Preloading 0 native plugins for Editor in 0.00 ms.
Mono: successfully reloaded assembly
- Completed reload, in  1.862 seconds
Platform modules already initialized, skipping
Refreshing native plugins compatible for Editor in 0.25 ms, found 2 plugins.
Preloading 0 native plugins for Editor in 0.00 ms.
Unloading 1805 Unused Serialized files (Serialized files now loaded: 0)
System memory in use before: 171.8 MB.
System memory in use after: 171.7 MB.

Unloading 12 unused Assets to reduce memory usage. Loaded Objects now: 2365.
Total: 1.412333 ms (FindLiveObjects: 0.113459 ms CreateObjectMapping: 0.035958 ms MarkObjects: 1.174542 ms  DeleteObjects: 0.087625 ms)

========================================================================
Received Prepare
Registering precompiled user dll's ...
Registered in 0.001041 seconds.
Begin MonoManager ReloadAssembly
Native extension for OSXStandalone target not found
Native extension for WebGL target not found
Refreshing native plugins compatible for Editor in 0.31 ms, found 2 plugins.
Preloading 0 native plugins for Editor in 0.00 ms.
Mono: successfully reloaded assembly
- Completed reload, in  1.927 seconds
Platform modules already initialized, skipping
Refreshing native plugins compatible for Editor in 0.26 ms, found 2 plugins.
Preloading 0 native plugins for Editor in 0.00 ms.
Unloading 1805 Unused Serialized files (Serialized files now loaded: 0)
System memory in use before: 172.0 MB.
System memory in use after: 171.9 MB.

Unloading 12 unused Assets to reduce memory usage. Loaded Objects now: 2369.
Total: 1.502584 ms (FindLiveObjects: 0.201334 ms CreateObjectMapping: 0.038084 ms MarkObjects: 1.166916 ms  DeleteObjects: 0.095417 ms)

